<?xml version="1.0" encoding="UTF-8"?>
<testsuite xmlns:xsi="http://www.w3.org/2001/XMLSchema-instance" xsi:noNamespaceSchemaLocation="https://maven.apache.org/surefire/maven-surefire-plugin/xsd/surefire-test-report-3.0.xsd" version="3.0" name="com.myproject.app.TaskManagerTest" time="0.007" tests="2" errors="0" skipped="0" failures="1">
  <properties>
[...]
</properties>
  <testcase name="testCreateTaskItem" classname="com.myproject.app.TaskManagerTest" time="0.001">
    <system-out><![CDATA[08:04:55.597 [main] INFO  com.myproject.app.TaskManager - Created a new task item: TaskName
]]></system-out>
  </testcase>
  <testcase name="testAddToAll" classname="com.myproject.app.TaskManagerTest" time="0.004">
    <failure message="expected: &lt;1&gt; but was: &lt;5&gt;" type="org.opentest4j.AssertionFailedError"><![CDATA[org.opentest4j.AssertionFailedError: expected: <1> but was: <5>
	at org.junit.jupiter.api.AssertionFailureBuilder.build(AssertionFailureBuilder.java:151)
	at org.junit.jupiter.api.AssertionFailureBuilder.buildAndThrow(AssertionFailureBuilder.java:132)
	at org.junit.jupiter.api.AssertEquals.failNotEqual(AssertEquals.java:197)
	at org.junit.jupiter.api.AssertEquals.assertEquals(AssertEquals.java:150)
	at org.junit.jupiter.api.AssertEquals.assertEquals(AssertEquals.java:145)
	at org.junit.jupiter.api.Assertions.assertEquals(Assertions.java:527)
	at com.myproject.app.TaskManagerTest.testAddToAll(TaskManagerTest.java:32)
	at java.base/java.lang.reflect.Method.invoke(Method.java:580)
	at java.base/java.util.ArrayList.forEach(ArrayList.java:1596)
	at java.base/java.util.ArrayList.forEach(ArrayList.java:1596)
]]></failure>
    <system-out><![CDATA[08:04:55.598 [main] INFO  com.myproject.app.TaskManager - Added task item to allTaskItems: SampleTask
]]></system-out>
  </testcase>
</testsuite>